[2026-04-14 19:22:39] [install] [INFO] ──────────────────────────────────────────────────────────────────────────────
[2026-04-14 19:22:39] [install] [INFO] 用例：信安_专项测试_com_cmcc_is_关闭所有开关
[2026-04-14 19:22:39] [install] [INFO] ──────────────────────────────────────────────────────────────────────────────
[2026-04-14 19:22:39] [install] [INFO] 日志文件：20260414182751_install_信安_专项测试_com_cmcc_is_关闭所有开关.log
[2026-04-14 19:22:39] [install] [INFO] → dpiversion_s 替换为：1.0.6.3-1
[2026-04-14 19:22:39] [install] [INFO] → 用例参数：
[2026-04-14 19:22:39] [install] [INFO]   → 安装类型：模式切换
[2026-04-14 19:22:39] [install] [INFO]   → 源版本：1.0.6.3-1，目标版本：None
[2026-04-14 19:22:39] [install] [INFO]   → 源模式：com_cmcc_is，目标模式：com_cmcc_is
[2026-04-14 19:22:39] [install] [INFO]   → 优先使用备份 DPI：True
[2026-04-14 19:22:39] [install] [INFO]   → 优先使用已有安装包（源）：True
[2026-04-14 19:22:39] [install] [INFO]   → 优先使用已有安装包（目标）：False
[2026-04-14 19:22:39] [install] [INFO]   → 源版本开关参数：{'wlan_switch': '1', 'oversea_switch': '1'}
[2026-04-14 19:22:39] [install] [INFO]   → 目标版本开关参数：{'wlan_switch': '0', 'oversea_switch': '0'}
[2026-04-14 19:22:39] [install] [INFO] 
[2026-04-14 19:22:39] [install] [INFO] ▶ 执行源 DPI 安装
[2026-04-14 19:22:39] [install] [INFO] → 测试前关闭 agent...
[2026-04-14 19:22:39] [dpi] [DEBUG] agent 正在运行，PID: 3139538
[2026-04-14 19:22:39] [dpi] [INFO] 停止 agent...
[2026-04-14 19:22:39] [dpi] [INFO] None
[2026-04-14 19:22:39] [dpi] [DEBUG] agent 正在运行，PID: 3139538
[2026-04-14 19:22:40] [dpi] [INFO] ✓ agent 停止成功
[2026-04-14 19:22:40] [install] [INFO] → 备份当前 DPI 程序...
[2026-04-14 19:22:40] [dpi] [INFO] → 获取到 DPI 模式：com_cmcc_is
[2026-04-14 19:22:40] [dpi] [INFO] 备份目录存在，不备份：/home/dpibak/dpi_bak_1.0.6.3-1_com_cmcc_is
[2026-04-14 19:22:40] [install] [INFO] → 检查当前 DPI 版本...
[2026-04-14 19:22:40] [install] [INFO] ✓ 当前 DPI 版本已是 1.0.6.3-1，无需重新安装
[2026-04-14 19:22:40] [install] [INFO] → 执行版本 1.0.6.3-1 模式切换到 com_cmcc_is...
[2026-04-14 19:22:40] [dpi] [INFO] 切换信息，mode: com_cmcc_is， args: ('idc31',)， modified_param: {'wlan_switch': '1', 'oversea_switch': '1'}， force: False， pcicfg: {'pci_list': ['0000:03:00.0'], 'raw_port': '', 'src_mac': '', 'dst_mac': ''} timeout: 900
[2026-04-14 19:22:41] [dpi] [INFO] DPI停止
[2026-04-14 19:22:43] [dpi] [INFO] 切换dpi模式为：com_cmcc_is
[2026-04-14 19:22:43] [dpi] [INFO] sed -i 's/wlan_switch\s*=.*/wlan_switch=1/' cmcc_mod_switch.sh
[2026-04-14 19:22:43] [dpi] [INFO] sed -i 's/oversea_switch\s*=.*/oversea_switch=1/' cmcc_mod_switch.sh
[2026-04-14 19:22:43] [dpi] [INFO] ['sudo', 'bash', 'cmcc_mod_switch.sh', 'is', 'idc31']
[2026-04-14 19:23:14] [dpi] [INFO] 参数校验通过：
  运行模式: is
  规范版本: idc31
  设备类型: 未指定
device_mode: is
update /opt/dpi/xdrconf/rule/ydidc30.csv
update /opt/dpi/xdrconf/rule/xdr_template.json
没有找到名为fileload的进程。
/opt/dpi/xsaconf/rule/idc30/目录下规则已更新至xsaconf/rule
netcard_count=1    ## 网卡数量
netcard_interface_count=1  ## 网卡口数量
numa_count=2   ## NUMA数量
cpu_count=2    ## cpu数量
core_count=12   ## 单路CPU核数
thread_count=48   ## 总线程数
gobal_mem_channels=4   ## 内存通道
netcard_pci=0000:03:00.0   ## 使用网口pci列表
1 1 2 2 12 48 12 36 47 24,35 -1 -1 -1 -1 -1 -1 1-2,25-26|13-14,37-38 3-9,27-34|15-21,39-46 10-11|22-23 8 30 4
device config: nc1_ncitf1_numa2_cpu2
创建syscfg.json ok
创建cpuxsa.json ok
48
[1;37m0(0)[0m			[1;34m12(XSA)[0m			[1;34m24(UP)[0m			[1;34m36(MR)[0m
[1;36m1(io)[0m			[1;36m13(io)[0m			[1;36m25(io)[0m			[1;36m37(io)[0m
[1;36m2(io)[0m			[1;36m14(io)[0m			[1;36m26(io)[0m			[1;36m38(io)[0m
[1;32m3(wk)[0m			[1;32m15(wk)[0m			[1;32m27(wk)[0m			[1;32m39(wk)[0m
[1;32m4(wk)[0m			[1;32m16(wk)[0m			[1;32m28(wk)[0m			[1;32m40(wk)[0m
[1;32m5(wk)[0m			[1;32m17(wk)[0m			[1;32m29(wk)[0m			[1;32m41(wk)[0m
[1;32m6(wk)[0m			[1;32m18(wk)[0m			[1;32m30(wk)[0m			[1;32m42(wk)[0m
[1;32m7(wk)[0m			[1;32m19(wk)[0m			[1;32m31(wk)[0m			[1;32m43(wk)[0m
[1;32m8(wk)[0m			[1;32m20(wk)[0m			[1;32m32(wk)[0m			[1;32m44(wk)[0m
[1;32m9(wk)[0m			[1;32m21(wk)[0m			[1;32m33(wk)[0m			[1;32m45(wk)[0m
[1;33m10(fo)[0m			[1;33m22(fo)[0m			[1;32m34(wk)[0m			[1;32m46(wk)[0m
[1;33m11(fo)[0m			[1;33m23(fo)[0m			[1;34m35(UP)[0m			[1;34m47(PD)[0m


update /opt/dpi/syscfg.json
update /opt/dpi/idc30.cfg
update /opt/dpi/xsaconf/xsa.json
update /opt/dpi/xsaconf/cpuxsa.json
[1m[devinfo]	[dev_provider]	[RZX][0m	[[1;33mACT[0m]	[[1;31m已调整[0m]
[1m[devinfo]	[dev_id]	[1][0m	[[1;33m000052[0m]	[[1;31m已调整[0m]
[1m[devinfo]	[dev_type]	[SURF-DPI-EU][0m	[[1;33mSURF-DPI-AU[0m]	[[1;31m已调整[0m]
[1m[devinfo]	[dev_soft_ver]	[3.1][0m	[[1;33m1[0m]	[[1;31m已调整[0m]
[1m[devinfo]	[manufacture_id]	[10][0m	[[1;33m13[0m]	[[1;31m已调整[0m]
[1m[devinfo]	[device_serial_no]	[act][0m	[[1;33m000052[0m]	[[1;31m已调整[0m]
[1m[devinfo]	[total_capability]	[40][0m	[[1;33m0[0m]	[[1;31m已调整[0m]
[1m[dpi]	[syslog]	[1][0m	[[1;33m0[0m]	[[1;31m已调整[0m]
[1m[evilblock]	[apt_enable]	[1][0m	[[1;33m0[0m]	[[1;31m已调整[0m]
[1m[evilblock]	[evilblock_idc31_enable]	[1][0m	[[1;33m0[0m]	[[1;31m已调整[0m]
[1m[evilblock]	[ns_event_mem]	[30][0m	[[1;33m10[0m]	[[1;31m已调整[0m]
[1m[adms]	[idc_flag]	[1][0m	[[1;33m0[0m]	[[1;31m已调整[0m]
[1m[adms]	[storage_timeout_s]	[120][0m	[[1;33m30[0m]	[[1;31m已调整[0m]
[1m[eublock]	[vlan_mode]	[1][0m	[[1;33m0[0m]	[[1;31m已调整[0m]
[1m[eublock]	[vlan]	[2-3][0m	[[1;33m0,0[0m]	[[1;31m已调整[0m]
[1m[eublock]	[swap_mac_mode]	[1][0m	[[1;33m0[0m]	[[1;31m已调整[0m]
[1m[proto]	[ctrl_data_ftp_ip]	[0][0m	[[1;33m1[0m]	[[1;31m已调整[0m]
[1m[mirrorvlan]	[cachePoolKSize]	[500][0m	[[1;33m40[0m]	[[1;31m已调整[0m]
[1m[mirrorvlan]	[proto_match_enable]	[1][0m	[[1;33m0[0m]	[[1;31m已调整[0m]
[1m[uploadfile]	[ftp_enable]	[0][0m	[[1;33m1[0m]	[[1;31m已调整[0m]
[1m[uploadfile]	[sftp_enable]	[0][0m	[[1;33m1[0m]	[[1;31m已调整[0m]
[1m[uploadfile]	[check_enable]	[4][0m	[[1;33m0[0m]	[[1;31m已调整[0m]
[1m[uploadfile]	[commonini_enable]	[1][0m	[[1;33m0[0m]	[[1;31m已调整[0m]
[1m[uploadfile]	[log_enable]	[0][0m	[[1;33m1[0m]	[[1;31m已调整[0m]
[1m[uploadfile]	[cleandir]	[/dev/shm/sess][0m	[[1;33m\/dev\/shm\/sess[0m]	[[1;31m已调整[0m]
[1m[malicious]	[vflag_enable]	[0][0m	[[1;33m1[0m]	[[1;31m已调整[0m]
[1m[malicious]	[lt_s_enable]	[0][0m	[[1;33m1[0m]	[[1;31m已调整[0m]
[1m[malicious]	[ns_event_mem]	[30][0m	[[1;33m10[0m]	[[1;31m已调整[0m]
[1m[malscan]	[malscan_idc31_enable]	[1][0m	[[1;33m0[0m]	[[1;31m已调整[0m]
[1m[eu]	[oversea_dnsxdr_enable]	[0][0m	[[1;33m1[0m]	[[1;31m已调整[0m]
[1m[eu]	[vpn_block_enable]	[0][0m	[[1;33m1[0m]	[[1;31m已调整[0m]
[1m[eu]	[oversea_dump_enable]	[0][0m	[[1;33m1[0m]	[[1;31m已调整[0m]
[1m[eu]	[key2url_path]	[/dev/shm/eu/key2url][0m	[[1;33m\/dev\/shm\/eu\/key2url[0m]	[[1;31m已调整[0m]
[1m[eu]	[apptype_tab]	[0,1,5,15,16,11,14,26,2,3,4,6,7,8,9,10,19,25,20,18,23,24,12,13,17,21,22,27,28][0m	[[1;33m0-1,5,15-16,11,14,26,2-4,6-10,19,25,20,18,23-24,12-13,17,21-22,27-28[0m]	[[1;31m已调整[0m]
[1m[eu]	[http_filter_enable]	[3][0m	[[1;33m0[0m]	[[1;31m已调整[0m]
[1m[httprs]	[http_short_url_posi]	[6][0m	[[1;33m2[0m]	[[1;31m已调整[0m]
[1m[dnsxdr]	[compool_blk_posi]	[1][0m	[[1;33m6[0m]	[[1;31m已调整[0m]
[1m[dnsxdr]	[ans_cont_enable]	[0][0m	[[1;33m1[0m]	[[1;31m已调整[0m]
[1m[dnsxdr]	[dnsxdr_jxlog_enable]	[0][0m	[[1;33m1[0m]	[[1;31m已调整[0m]
[1m[foxdr]	[apptype_tab]	[0,1,5,15,16,11,14,26,2,3,4,6,7,8,9,10,19,25,20,18,23,24,12,13,17,21,22,27,28][0m	[[1;33m0-1,5,15-16,11,14,26,2-4,6-10,19,25,20,18,23-24,12-13,17,21-22,27-28[0m]	[[1;31m已调整[0m]
[1m[foxdr]	[foxdr_idc31_enable]	[1][0m	[[1;33m0[0m]	[[1;31m已调整[0m]
[1m[pcapdump]	[version]	[49][0m	[[1;33m1[0m]	[[1;31m已调整[0m]
[1m[pcapdump]	[manufacturer_Name]	[01][0m	[[1;33mRZX[0m]	[[1;31m已调整[0m]
[1m[pcapdump]	[equipment_number]	[001][0m	[[1;33m000052[0m]	[[1;31m已调整[0m]
[1m[pcapdump]	[one_flow_one_logid]	[0][0m	[[1;33m1[0m]	[[1;31m已调整[0m]
[1m[pcapdump]	[idc31_enable]	[1][0m	[[1;33m0[0m]	[[1;31m已调整[0m]
[1m[pcapdump]	[pcapdump_savesize]	[252][0m	[[1;33m24[0m]	[[1;31m已调整[0m]
[1m[fostator]	[euvisit_onlyhttp]	[1][0m	[[1;33m0[0m]	[[1;31m已调整[0m]
[1m[fostator]	[euvisit_httpstatus_enable]	[0][0m	[[1;33m1[0m]	[[1;31m已调整[0m]
[1m[fostator]	[dns_enable]	[0][0m	[[1;33m1[0m]	[[1;31m已调整[0m]
[1m[tcpmsg]	[systemmsg_version]	[1062][0m	[[1;33m1052[0m]	[[1;31m已调整[0m]
[1m[xdrtxtlog]	[dedup_switch]	[1][0m	[[1;33m0[0m]	[[1;31m已调整[0m]
[1m[xdrtxtlog]	[commonini_enable]	[1][0m	[[1;33m0[0m]	[[1;31m已调整[0m]
未配置eublock port,请手动配置,配置此文件/opt/dpi/mconf/modelswitch/xsajson/pci.cfg
[xdrtxtlog] [open]
[tcpmsg] [open]
[uploadfile] [open]
[xdr] [open]
[httpproto] [open]
[proto] [open]
[wkxdr] [open]
[httpxdr] [open]
[mirrorvlan] [open]
[pcapdump] [open]
[eu] [open]
[eublock] [open]
[tcpsegment] [open]
[fostator] [open]
[dnsxdr] [open]
[adms] [open]
[ftpxdr] [open]
[dnsxdr] [open]
[mailxdr] [open]
[rtspxdr] [open]
[voipxdr] [open]
[coapxdr] [open]
[radiusxdr] [open]
已针对系统/etc/ssh/ssh_config配置文件修改UserKnownHostsFile字段值
已针对系统/etc/ssh/ssh_config配置文件的修改StrictHostKeyChecking字段值

[2026-04-14 19:23:14] [dpi] [INFO] 等待DPI启动
[2026-04-14 19:24:09] [dpi] [INFO] 对比切换mod_switch.sh中开关
[2026-04-14 19:24:09] [dpi] [INFO] 切换后开关wlan_switch一致：1-->1
[2026-04-14 19:24:09] [dpi] [INFO] 切换后开关oversea_switch一致：1-->1
[2026-04-14 19:24:09] [dpi] [INFO] 对比版本号
[2026-04-14 19:24:09] [dpi] [INFO] 切换后预期版本准确：期望1.0.6.3-1-->实际1.0.6.3-1
[2026-04-14 19:24:09] [dpi] [INFO] 对比dpimode
[2026-04-14 19:24:09] [dpi] [INFO] 切换后预期版本准确：期望com_cmcc_is-->实际com_cmcc_is
[2026-04-14 19:24:09] [install] [INFO] ✓ 源 DPI 安装完成
[2026-04-14 19:24:09] [install] [INFO] 
[2026-04-14 19:24:09] [install] [INFO] ▶ 执行目标 DPI 模式切换
[2026-04-14 19:24:09] [install] [INFO]   → 切换参数：版本 1.0.6.3-1，模式 com_cmcc_is
[2026-04-14 19:24:09] [install] [INFO]   → 开关参数：{'wlan_switch': '0', 'oversea_switch': '0'}
[2026-04-14 19:24:09] [install] [INFO]   → PCI 配置：{'pci_list': ['0000:03:00.0'], 'raw_port': '', 'src_mac': '', 'dst_mac': ''}
[2026-04-14 19:24:09] [dpi] [INFO] 切换信息，mode: com_cmcc_is， args: ('idc31',)， modified_param: {'wlan_switch': '0', 'oversea_switch': '0'}， force: False， pcicfg: {'pci_list': ['0000:03:00.0'], 'raw_port': '', 'src_mac': '', 'dst_mac': ''} timeout: 900
[2026-04-14 19:24:09] [dpi] [INFO] DPI停止
[2026-04-14 19:24:11] [dpi] [INFO] 切换dpi模式为：com_cmcc_is
[2026-04-14 19:24:11] [dpi] [INFO] sed -i 's/wlan_switch\s*=.*/wlan_switch=0/' cmcc_mod_switch.sh
[2026-04-14 19:24:11] [dpi] [INFO] sed -i 's/oversea_switch\s*=.*/oversea_switch=0/' cmcc_mod_switch.sh
[2026-04-14 19:24:11] [dpi] [INFO] ['sudo', 'bash', 'cmcc_mod_switch.sh', 'is', 'idc31']
[2026-04-14 19:24:40] [dpi] [INFO] 参数校验通过：
  运行模式: is
  规范版本: idc31
  设备类型: 未指定
device_mode: is
update /opt/dpi/xdrconf/rule/ydidc30.csv
update /opt/dpi/xdrconf/rule/xdr_template.json
没有找到名为fileload的进程。
/opt/dpi/xsaconf/rule/idc30/目录下规则已更新至xsaconf/rule
netcard_count=1    ## 网卡数量
netcard_interface_count=1  ## 网卡口数量
numa_count=2   ## NUMA数量
cpu_count=2    ## cpu数量
core_count=12   ## 单路CPU核数
thread_count=48   ## 总线程数
gobal_mem_channels=4   ## 内存通道
netcard_pci=0000:03:00.0   ## 使用网口pci列表
1 1 2 2 12 48 12 36 47 24,35 -1 -1 -1 -1 -1 -1 1-2,25-26|13-14,37-38 3-9,27-34|15-21,39-46 10-11|22-23 8 30 4
device config: nc1_ncitf1_numa2_cpu2
创建syscfg.json ok
创建cpuxsa.json ok
48
[1;37m0(0)[0m			[1;34m12(XSA)[0m			[1;34m24(UP)[0m			[1;34m36(MR)[0m
[1;36m1(io)[0m			[1;36m13(io)[0m			[1;36m25(io)[0m			[1;36m37(io)[0m
[1;36m2(io)[0m			[1;36m14(io)[0m			[1;36m26(io)[0m			[1;36m38(io)[0m
[1;32m3(wk)[0m			[1;32m15(wk)[0m			[1;32m27(wk)[0m			[1;32m39(wk)[0m
[1;32m4(wk)[0m			[1;32m16(wk)[0m			[1;32m28(wk)[0m			[1;32m40(wk)[0m
[1;32m5(wk)[0m			[1;32m17(wk)[0m			[1;32m29(wk)[0m			[1;32m41(wk)[0m
[1;32m6(wk)[0m			[1;32m18(wk)[0m			[1;32m30(wk)[0m			[1;32m42(wk)[0m
[1;32m7(wk)[0m			[1;32m19(wk)[0m			[1;32m31(wk)[0m			[1;32m43(wk)[0m
[1;32m8(wk)[0m			[1;32m20(wk)[0m			[1;32m32(wk)[0m			[1;32m44(wk)[0m
[1;32m9(wk)[0m			[1;32m21(wk)[0m			[1;32m33(wk)[0m			[1;32m45(wk)[0m
[1;33m10(fo)[0m			[1;33m22(fo)[0m			[1;32m34(wk)[0m			[1;32m46(wk)[0m
[1;33m11(fo)[0m			[1;33m23(fo)[0m			[1;34m35(UP)[0m			[1;34m47(PD)[0m


update /opt/dpi/syscfg.json
update /opt/dpi/idc30.cfg
update /opt/dpi/xsaconf/xsa.json
update /opt/dpi/xsaconf/cpuxsa.json
[1m[devinfo]	[dev_provider]	[RZX][0m	[[1;33mACT[0m]	[[1;31m已调整[0m]
[1m[devinfo]	[dev_id]	[1][0m	[[1;33m000052[0m]	[[1;31m已调整[0m]
[1m[devinfo]	[dev_type]	[SURF-DPI-EU][0m	[[1;33mSURF-DPI-AU[0m]	[[1;31m已调整[0m]
[1m[devinfo]	[dev_soft_ver]	[3.1][0m	[[1;33m1[0m]	[[1;31m已调整[0m]
[1m[devinfo]	[manufacture_id]	[10][0m	[[1;33m13[0m]	[[1;31m已调整[0m]
[1m[devinfo]	[device_serial_no]	[act][0m	[[1;33m000052[0m]	[[1;31m已调整[0m]
[1m[devinfo]	[total_capability]	[40][0m	[[1;33m0[0m]	[[1;31m已调整[0m]
[1m[dpi]	[syslog]	[1][0m	[[1;33m0[0m]	[[1;31m已调整[0m]
[1m[evilblock]	[apt_enable]	[1][0m	[[1;33m0[0m]	[[1;31m已调整[0m]
[1m[evilblock]	[evilblock_idc31_enable]	[1][0m	[[1;33m0[0m]	[[1;31m已调整[0m]
[1m[evilblock]	[ns_event_mem]	[30][0m	[[1;33m10[0m]	[[1;31m已调整[0m]
[1m[adms]	[idc_flag]	[1][0m	[[1;33m0[0m]	[[1;31m已调整[0m]
[1m[adms]	[storage_timeout_s]	[120][0m	[[1;33m30[0m]	[[1;31m已调整[0m]
[1m[eublock]	[vlan_mode]	[1][0m	[[1;33m0[0m]	[[1;31m已调整[0m]
[1m[eublock]	[vlan]	[2-3][0m	[[1;33m0,0[0m]	[[1;31m已调整[0m]
[1m[eublock]	[swap_mac_mode]	[1][0m	[[1;33m0[0m]	[[1;31m已调整[0m]
[1m[proto]	[ctrl_data_ftp_ip]	[0][0m	[[1;33m1[0m]	[[1;31m已调整[0m]
[1m[mirrorvlan]	[cachePoolKSize]	[500][0m	[[1;33m40[0m]	[[1;31m已调整[0m]
[1m[mirrorvlan]	[proto_match_enable]	[1][0m	[[1;33m0[0m]	[[1;31m已调整[0m]
[1m[uploadfile]	[ftp_enable]	[0][0m	[[1;33m1[0m]	[[1;31m已调整[0m]
[1m[uploadfile]	[sftp_enable]	[0][0m	[[1;33m1[0m]	[[1;31m已调整[0m]
[1m[uploadfile]	[check_enable]	[4][0m	[[1;33m0[0m]	[[1;31m已调整[0m]
[1m[uploadfile]	[commonini_enable]	[1][0m	[[1;33m0[0m]	[[1;31m已调整[0m]
[1m[uploadfile]	[log_enable]	[0][0m	[[1;33m1[0m]	[[1;31m已调整[0m]
[1m[uploadfile]	[cleandir]	[/dev/shm/sess][0m	[[1;33m\/dev\/shm\/sess[0m]	[[1;31m已调整[0m]
[1m[malicious]	[vflag_enable]	[0][0m	[[1;33m1[0m]	[[1;31m已调整[0m]
[1m[malicious]	[lt_s_enable]	[0][0m	[[1;33m1[0m]	[[1;31m已调整[0m]
[1m[malicious]	[ns_event_mem]	[30][0m	[[1;33m10[0m]	[[1;31m已调整[0m]
[1m[malscan]	[malscan_idc31_enable]	[1][0m	[[1;33m0[0m]	[[1;31m已调整[0m]
[1m[eu]	[oversea_dnsxdr_enable]	[0][0m	[[1;33m1[0m]	[[1;31m已调整[0m]
[1m[eu]	[vpn_block_enable]	[0][0m	[[1;33m1[0m]	[[1;31m已调整[0m]
[1m[eu]	[oversea_dump_enable]	[0][0m	[[1;33m1[0m]	[[1;31m已调整[0m]
[1m[eu]	[key2url_path]	[/dev/shm/eu/key2url][0m	[[1;33m\/dev\/shm\/eu\/key2url[0m]	[[1;31m已调整[0m]
[1m[eu]	[apptype_tab]	[0,1,5,15,16,11,14,26,2,3,4,6,7,8,9,10,19,25,20,18,23,24,12,13,17,21,22,27,28][0m	[[1;33m0-1,5,15-16,11,14,26,2-4,6-10,19,25,20,18,23-24,12-13,17,21-22,27-28[0m]	[[1;31m已调整[0m]
[1m[eu]	[http_filter_enable]	[3][0m	[[1;33m0[0m]	[[1;31m已调整[0m]
[1m[httprs]	[http_short_url_posi]	[6][0m	[[1;33m2[0m]	[[1;31m已调整[0m]
[1m[dnsxdr]	[compool_blk_posi]	[1][0m	[[1;33m6[0m]	[[1;31m已调整[0m]
[1m[dnsxdr]	[ans_cont_enable]	[0][0m	[[1;33m1[0m]	[[1;31m已调整[0m]
[1m[dnsxdr]	[dnsxdr_jxlog_enable]	[0][0m	[[1;33m1[0m]	[[1;31m已调整[0m]
[1m[foxdr]	[apptype_tab]	[0,1,5,15,16,11,14,26,2,3,4,6,7,8,9,10,19,25,20,18,23,24,12,13,17,21,22,27,28][0m	[[1;33m0-1,5,15-16,11,14,26,2-4,6-10,19,25,20,18,23-24,12-13,17,21-22,27-28[0m]	[[1;31m已调整[0m]
[1m[foxdr]	[foxdr_idc31_enable]	[1][0m	[[1;33m0[0m]	[[1;31m已调整[0m]
[1m[pcapdump]	[version]	[49][0m	[[1;33m1[0m]	[[1;31m已调整[0m]
[1m[pcapdump]	[manufacturer_Name]	[01][0m	[[1;33mRZX[0m]	[[1;31m已调整[0m]
[1m[pcapdump]	[equipment_number]	[001][0m	[[1;33m000052[0m]	[[1;31m已调整[0m]
[1m[pcapdump]	[one_flow_one_logid]	[0][0m	[[1;33m1[0m]	[[1;31m已调整[0m]
[1m[pcapdump]	[idc31_enable]	[1][0m	[[1;33m0[0m]	[[1;31m已调整[0m]
[1m[pcapdump]	[pcapdump_savesize]	[252][0m	[[1;33m24[0m]	[[1;31m已调整[0m]
[1m[fostator]	[euvisit_onlyhttp]	[1][0m	[[1;33m0[0m]	[[1;31m已调整[0m]
[1m[fostator]	[euvisit_httpstatus_enable]	[0][0m	[[1;33m1[0m]	[[1;31m已调整[0m]
[1m[fostator]	[dns_enable]	[0][0m	[[1;33m1[0m]	[[1;31m已调整[0m]
[1m[tcpmsg]	[systemmsg_version]	[1062][0m	[[1;33m1052[0m]	[[1;31m已调整[0m]
[1m[xdrtxtlog]	[dedup_switch]	[1][0m	[[1;33m0[0m]	[[1;31m已调整[0m]
[1m[xdrtxtlog]	[commonini_enable]	[1][0m	[[1;33m0[0m]	[[1;31m已调整[0m]
未配置eublock port,请手动配置,配置此文件/opt/dpi/mconf/modelswitch/xsajson/pci.cfg
[xdrtxtlog] [open]
[tcpmsg] [open]
[uploadfile] [open]
[xdr] [open]
[httpproto] [open]
[proto] [open]
[wkxdr] [open]
[httpxdr] [open]
[mirrorvlan] [open]
[pcapdump] [open]
[eu] [open]
[eublock] [open]
[tcpsegment] [open]
[fostator] [open]
[dnsxdr] [open]
[adms] [open]
已针对系统/etc/ssh/ssh_config配置文件修改UserKnownHostsFile字段值
已针对系统/etc/ssh/ssh_config配置文件的修改StrictHostKeyChecking字段值

[2026-04-14 19:24:40] [dpi] [INFO] 等待DPI启动
[2026-04-14 19:25:33] [dpi] [INFO] 对比切换mod_switch.sh中开关
[2026-04-14 19:25:33] [dpi] [INFO] 切换后开关wlan_switch一致：0-->0
[2026-04-14 19:25:33] [dpi] [INFO] 切换后开关oversea_switch一致：0-->0
[2026-04-14 19:25:33] [dpi] [INFO] 对比版本号
[2026-04-14 19:25:33] [dpi] [INFO] 切换后预期版本准确：期望1.0.6.3-1-->实际1.0.6.3-1
[2026-04-14 19:25:33] [dpi] [INFO] 对比dpimode
[2026-04-14 19:25:33] [dpi] [INFO] 切换后预期版本准确：期望com_cmcc_is-->实际com_cmcc_is
[2026-04-14 19:25:33] [install] [INFO] ✓ 目标 DPI 模式切换完成
[2026-04-14 19:25:33] [install] [INFO] ✓ 用例执行完成：信安_专项测试_com_cmcc_is_关闭所有开关
[2026-04-14 19:25:33] [comm] [INFO] ['report\\用例_升级_20260414182759.xlsx', 'install', [], 15, {'执行状态': 0, '用例名': 1, '用例说明': 2, '安装类型': 3, 'dpiversion_s': 4, '优先使用存在安装包_s': 5, '优先使用备份dpi_s': 6, 'dpimode_s': 7, 'switch_param_s': 8, 'dpiversion_d': 9, '优先使用存在安装包_d': 10, 'dpimode_d': 11, 'switch_param_d': 12, 'xsa.json预修改': 13, '🚀 执行Sheet': 14, '🚀 执行Book': 15, '结果': 16, '备注': 17}, [], False, True, 'report\\用例_升级_20260414182759.xlsx']
[2026-04-14 19:25:33] [comm] [INFO] 结果准备写入excel
[2026-04-14 19:25:35] [comm] [INFO] 结果去重
[2026-04-14 19:25:35] [comm] [INFO] 结果按行优化
[2026-04-14 19:25:35] [comm] [INFO] 非标红数据写入excel
[2026-04-14 19:25:35] [comm] [INFO] 标红数据写入excel
[2026-04-14 19:25:35] [comm] [INFO] xlsx保存路径：report\用例_升级_20260414182759.xlsx
